Gym has been unmaintained since 2022 and does not support NumPy 2.0 amongst other critical functionality.
Please upgrade to Gymnasium, the maintained drop-in replacement of Gym, or contact the authors of your software and request that they upgrade.
Users of this version of Gym should be able to simply replace 'import gym' with 'import gymnasium as gym' in the vast majority of cases.
See the migration guide at https://gymnasium.farama.org/introduction/migration_guide/ for additional information.
wandb: Currently logged in as: tcx513887573 (crusaderx) to https://api.wandb.ai. Use `wandb login --relogin` to force relogin
/home/ka/ka_anthropomatik/ka_et4232/miniconda3/envs/py10/lib/python3.10/site-packages/wandb/analytics/sentry.py:263: DeprecationWarning: The `Scope.user` setter is deprecated in favor of `Scope.set_user()`.
  self.scope.user = {"email": email}
wandb: setting up run 573d2dpz
/home/ka/ka_anthropomatik/ka_et4232/miniconda3/envs/py10/lib/python3.10/site-packages/wandb/analytics/sentry.py:263: DeprecationWarning: The `Scope.user` setter is deprecated in favor of `Scope.set_user()`.
  self.scope.user = {"email": email}
wandb: Tracking run with wandb version 0.22.1
wandb: Run data is saved locally in /pfs/data6/home/ka/ka_anthropomatik/ka_et4232/workspace/BRC_tcx/wandb/run-20251008_222928-573d2dpz
wandb: Run `wandb offline` to turn off syncing.
wandb: Syncing run HB_NOHANDS_0
wandb: ⭐️ View project at https://wandb.ai/crusaderx/uncategorized
wandb: 🚀 View run at https://wandb.ai/crusaderx/uncategorized/runs/573d2dpz
[1;34mwandb[0m: 
[1;34mwandb[0m: 🚀 View run [33mHB_NOHANDS_0[0m at: [34m[0m
[1;34mwandb[0m: Find logs at: [1;35m../../../../../../pfs/data6/home/ka/ka_anthropomatik/ka_et4232/workspace/BRC_tcx/wandb/run-20251008_222928-573d2dpz/logs[0m
slurmstepd: error: *** JOB 1726131 ON uc2n572 CANCELLED AT 2025-10-08T22:34:36 DUE TO TIME LIMIT ***

============================= JOB FEEDBACK =============================

NodeName=uc2n572
Job ID: 1726131
Cluster: uc3
User/Group: ka_et4232/ka_anthropomatik
State: TIMEOUT (exit code 0)
Nodes: 1
Cores per node: 24
CPU Utilized: 00:00:02
CPU Efficiency: 0.03% of 02:11:36 core-walltime
Job Wall-clock time: 00:05:29
Memory Utilized: 8.88 GB
Memory Efficiency: 9.67% of 91.80 GB (91.80 GB/node)
